This file contains any messages produced by compilers while
running configure, to aid debugging if configure makes a mistake.

It was created by Lithe configure 1.0, which was
generated by GNU Autoconf 2.69.  Invocation command line was

  $ ./configure --prefix=/tmp/lithe-install --with-parlib=/tmp/parlib-standard

## --------- ##
## Platform. ##
## --------- ##

hostname = easley
uname -m = x86_64
uname -r = 5.14.0-503.33.1.el9_5.x86_64
uname -s = Linux
uname -v = #1 SMP PREEMPT_DYNAMIC Wed Mar 19 16:23:31 UTC 2025

/usr/bin/uname -p = x86_64
/bin/uname -X     = unknown

/bin/arch              = x86_64
/usr/bin/arch -k       = unknown
/usr/convex/getsysinfo = unknown
/usr/bin/hostinfo      = unknown
/bin/machine           = unknown
/usr/bin/oslevel       = unknown
/bin/universe          = unknown

PATH: /tmp/ompi-lithe-install/bin
PATH: /opt/spack/bin
PATH: /users/npe/.cursor-server/bin/a8e95743c5268be73767c46944a71f4465d05c90/bin/remote-cli
PATH: /opt/spack/bin
PATH: /opt/spack/bin
PATH: /users/npe/.local/bin
PATH: /users/npe/bin
PATH: /opt/spack/bin
PATH: /usr/local/bin
PATH: /usr/bin
PATH: /usr/local/sbin
PATH: /usr/sbin
PATH: /users/npe/bin


## ----------- ##
## Core tests. ##
## ----------- ##

configure:2339: checking for a BSD-compatible install
configure:2407: result: /usr/bin/install -c
configure:2418: checking whether build environment is sane
configure:2473: result: yes
configure:2624: checking for a thread-safe mkdir -p
configure:2663: result: /usr/bin/mkdir -p
configure:2670: checking for gawk
configure:2686: found /usr/bin/gawk
configure:2697: result: gawk
configure:2708: checking whether make sets $(MAKE)
configure:2730: result: yes
configure:2759: checking whether make supports nested variables
configure:2776: result: yes
configure:2952: checking for gcc
configure:2968: found /usr/bin/gcc
configure:2979: result: gcc
configure:3208: checking for C compiler version
configure:3217: gcc --version >&5
gcc (GCC) 11.5.0 20240719 (Red Hat 11.5.0-5)
Copyright (C) 2021 Free Software Foundation, Inc.
This is free software; see the source for copying conditions.  There is NO
warranty; not even for MERCHANTABILITY or FITNESS FOR A PARTICULAR PURPOSE.

configure:3228: $? = 0
configure:3217: gcc -v >&5
Using built-in specs.
COLLECT_GCC=gcc
COLLECT_LTO_WRAPPER=/usr/libexec/gcc/x86_64-redhat-linux/11/lto-wrapper
OFFLOAD_TARGET_NAMES=nvptx-none
OFFLOAD_TARGET_DEFAULT=1
Target: x86_64-redhat-linux
Configured with: ../configure --enable-bootstrap --enable-host-pie --enable-host-bind-now --enable-languages=c,c++,fortran,lto --prefix=/usr --mandir=/usr/share/man --infodir=/usr/share/info --with-bugurl=https://bugs.rockylinux.org/ --enable-shared --enable-threads=posix --enable-checking=release --with-system-zlib --enable-__cxa_atexit --disable-libunwind-exceptions --enable-gnu-unique-object --enable-linker-build-id --with-gcc-major-version-only --enable-plugin --enable-initfini-array --without-isl --enable-multilib --with-linker-hash-style=gnu --enable-offload-targets=nvptx-none --without-cuda-driver --enable-gnu-indirect-function --enable-cet --with-tune=generic --with-arch_64=x86-64-v2 --with-arch_32=x86-64 --build=x86_64-redhat-linux --with-build-config=bootstrap-lto --enable-link-serialization=1
Thread model: posix
Supported LTO compression algorithms: zlib zstd
gcc version 11.5.0 20240719 (Red Hat 11.5.0-5) (GCC) 
... rest of stderr output deleted ...
configure:3228: $? = 0
configure:3217: gcc -V >&5
gcc: error: unrecognized command-line option '-V'
gcc: fatal error: no input files
compilation terminated.
configure:3228: $? = 1
configure:3217: gcc -qversion >&5
gcc: error: unrecognized command-line option '-qversion'; did you mean '--version'?
gcc: fatal error: no input files
compilation terminated.
configure:3228: $? = 1
configure:3248: checking whether the C compiler works
configure:3270: gcc    conftest.c  >&5
configure:3274: $? = 0
configure:3322: result: yes
configure:3325: checking for C compiler default output file name
configure:3327: result: a.out
configure:3333: checking for suffix of executables
configure:3340: gcc -o conftest    conftest.c  >&5
configure:3344: $? = 0
configure:3366: result: 
configure:3388: checking whether we are cross compiling
configure:3396: gcc -o conftest    conftest.c  >&5
configure:3400: $? = 0
configure:3407: ./conftest
configure:3411: $? = 0
configure:3426: result: no
configure:3431: checking for suffix of object files
configure:3453: gcc -c   conftest.c >&5
configure:3457: $? = 0
configure:3478: result: o
configure:3482: checking whether we are using the GNU C compiler
configure:3501: gcc -c   conftest.c >&5
configure:3501: $? = 0
configure:3510: result: yes
configure:3519: checking whether gcc accepts -g
configure:3539: gcc -c -g  conftest.c >&5
configure:3539: $? = 0
configure:3580: result: yes
configure:3597: checking for gcc option to accept ISO C89
configure:3660: gcc  -c -g -O2  conftest.c >&5
configure:3660: $? = 0
configure:3673: result: none needed
configure:3698: checking whether gcc understands -c and -o together
configure:3720: gcc -c conftest.c -o conftest2.o
configure:3723: $? = 0
configure:3720: gcc -c conftest.c -o conftest2.o
configure:3723: $? = 0
configure:3735: result: yes
configure:3755: checking whether make supports the include directive
configure:3770: make -f confmf.GNU && cat confinc.out
this is the am__doit target
configure:3773: $? = 0
configure:3792: result: yes (GNU style)
configure:3817: checking dependency style of gcc
configure:3928: result: gcc3
configure:4003: checking for g++
configure:4019: found /usr/bin/g++
configure:4030: result: g++
configure:4057: checking for C++ compiler version
configure:4066: g++ --version >&5
g++ (GCC) 11.5.0 20240719 (Red Hat 11.5.0-5)
Copyright (C) 2021 Free Software Foundation, Inc.
This is free software; see the source for copying conditions.  There is NO
warranty; not even for MERCHANTABILITY or FITNESS FOR A PARTICULAR PURPOSE.

configure:4077: $? = 0
configure:4066: g++ -v >&5
Using built-in specs.
COLLECT_GCC=g++
COLLECT_LTO_WRAPPER=/usr/libexec/gcc/x86_64-redhat-linux/11/lto-wrapper
OFFLOAD_TARGET_NAMES=nvptx-none
OFFLOAD_TARGET_DEFAULT=1
Target: x86_64-redhat-linux
Configured with: ../configure --enable-bootstrap --enable-host-pie --enable-host-bind-now --enable-languages=c,c++,fortran,lto --prefix=/usr --mandir=/usr/share/man --infodir=/usr/share/info --with-bugurl=https://bugs.rockylinux.org/ --enable-shared --enable-threads=posix --enable-checking=release --with-system-zlib --enable-__cxa_atexit --disable-libunwind-exceptions --enable-gnu-unique-object --enable-linker-build-id --with-gcc-major-version-only --enable-plugin --enable-initfini-array --without-isl --enable-multilib --with-linker-hash-style=gnu --enable-offload-targets=nvptx-none --without-cuda-driver --enable-gnu-indirect-function --enable-cet --with-tune=generic --with-arch_64=x86-64-v2 --with-arch_32=x86-64 --build=x86_64-redhat-linux --with-build-config=bootstrap-lto --enable-link-serialization=1
Thread model: posix
Supported LTO compression algorithms: zlib zstd
gcc version 11.5.0 20240719 (Red Hat 11.5.0-5) (GCC) 
... rest of stderr output deleted ...
configure:4077: $? = 0
configure:4066: g++ -V >&5
g++: error: unrecognized command-line option '-V'
g++: fatal error: no input files
compilation terminated.
configure:4077: $? = 1
configure:4066: g++ -qversion >&5
g++: error: unrecognized command-line option '-qversion'; did you mean '--version'?
g++: fatal error: no input files
compilation terminated.
configure:4077: $? = 1
configure:4081: checking whether we are using the GNU C++ compiler
configure:4100: g++ -c   conftest.cpp >&5
configure:4100: $? = 0
configure:4109: result: yes
configure:4118: checking whether g++ accepts -g
configure:4138: g++ -c -g  conftest.cpp >&5
configure:4138: $? = 0
configure:4179: result: yes
configure:4204: checking dependency style of g++
configure:4315: result: gcc3
configure:4364: checking build system type
configure:4378: result: x86_64-pc-linux-gnu
configure:4398: checking host system type
configure:4411: result: x86_64-pc-linux-gnu
configure:4452: checking how to print strings
configure:4479: result: printf
configure:4500: checking for a sed that does not truncate output
configure:4564: result: /usr/bin/sed
configure:4582: checking for grep that handles long lines and -e
configure:4640: result: /usr/bin/grep
configure:4645: checking for egrep
configure:4707: result: /usr/bin/grep -E
configure:4712: checking for fgrep
configure:4774: result: /usr/bin/grep -F
configure:4809: checking for ld used by gcc
configure:4876: result: /usr/bin/ld
configure:4883: checking if the linker (/usr/bin/ld) is GNU ld
configure:4898: result: yes
configure:4910: checking for BSD- or MS-compatible name lister (nm)
configure:4964: result: /usr/bin/nm -B
configure:5094: checking the name lister (/usr/bin/nm -B) interface
configure:5101: gcc -c -g -O2  conftest.c >&5
configure:5104: /usr/bin/nm -B "conftest.o"
configure:5107: output
0000000000000000 B some_variable
configure:5114: result: BSD nm
configure:5117: checking whether ln -s works
configure:5121: result: yes
configure:5129: checking the maximum length of command line arguments
configure:5260: result: 4718592
configure:5308: checking how to convert x86_64-pc-linux-gnu file names to x86_64-pc-linux-gnu format
configure:5348: result: func_convert_file_noop
configure:5355: checking how to convert x86_64-pc-linux-gnu file names to toolchain format
configure:5375: result: func_convert_file_noop
configure:5382: checking for /usr/bin/ld option to reload object files
configure:5389: result: -r
configure:5463: checking for objdump
configure:5479: found /usr/bin/objdump
configure:5490: result: objdump
configure:5522: checking how to recognize dependent libraries
configure:5722: result: pass_all
configure:5807: checking for dlltool
configure:5837: result: no
configure:5867: checking how to associate runtime and link libraries
configure:5894: result: printf %s\n
configure:5955: checking for ar
configure:5971: found /usr/bin/ar
configure:5982: result: ar
configure:6019: checking for archiver @FILE support
configure:6036: gcc -c -g -O2  conftest.c >&5
configure:6036: $? = 0
configure:6039: ar cru libconftest.a @conftest.lst >&5
configure:6042: $? = 0
configure:6047: ar cru libconftest.a @conftest.lst >&5
ar: conftest.o: No such file or directory
configure:6050: $? = 1
configure:6062: result: @
configure:6120: checking for strip
configure:6136: found /usr/bin/strip
configure:6147: result: strip
configure:6219: checking for ranlib
configure:6235: found /usr/bin/ranlib
configure:6246: result: ranlib
configure:6348: checking command to parse /usr/bin/nm -B output from gcc object
configure:6501: gcc -c -g -O2  conftest.c >&5
configure:6504: $? = 0
configure:6508: /usr/bin/nm -B conftest.o \| sed -n -e 's/^.*[ ]\([ABCDGIRSTW][ABCDGIRSTW]*\)[ ][ ]*\([_A-Za-z][_A-Za-z0-9]*\)$/\1 \2 \2/p' | sed '/ __gnu_lto/d' \> conftest.nm
configure:6511: $? = 0
configure:6577: gcc -o conftest -g -O2   conftest.c conftstm.o >&5
configure:6580: $? = 0
configure:6618: result: ok
configure:6665: checking for sysroot
configure:6695: result: no
configure:6702: checking for a working dd
configure:6740: result: /usr/bin/dd
configure:6744: checking how to truncate binary pipes
configure:6759: result: /usr/bin/dd bs=4096 count=1
configure:6895: gcc -c -g -O2  conftest.c >&5
configure:6898: $? = 0
configure:7088: checking for mt
configure:7118: result: no
configure:7138: checking if : is a manifest tool
configure:7144: : '-?'
configure:7152: result: no
configure:7829: checking how to run the C preprocessor
configure:7860: gcc -E  conftest.c
configure:7860: $? = 0
configure:7874: gcc -E  conftest.c
conftest.c:11:10: fatal error: ac_nonexistent.h: No such file or directory
   11 | #include <ac_nonexistent.h>
      |          ^~~~~~~~~~~~~~~~~~
compilation terminated.
configure:7874: $? = 1
configure: failed program was:
| /* confdefs.h */
| #define PACKAGE_NAME "Lithe"
| #define PACKAGE_TARNAME "lithe"
| #define PACKAGE_VERSION "1.0"
| #define PACKAGE_STRING "Lithe 1.0"
| #define PACKAGE_BUGREPORT "klueska@cs.berkeley.edu"
| #define PACKAGE_URL ""
| #define PACKAGE "lithe"
| #define VERSION "1.0"
| /* end confdefs.h.  */
| #include <ac_nonexistent.h>
configure:7899: result: gcc -E
configure:7919: gcc -E  conftest.c
configure:7919: $? = 0
configure:7933: gcc -E  conftest.c
conftest.c:11:10: fatal error: ac_nonexistent.h: No such file or directory
   11 | #include <ac_nonexistent.h>
      |          ^~~~~~~~~~~~~~~~~~
compilation terminated.
configure:7933: $? = 1
configure: failed program was:
| /* confdefs.h */
| #define PACKAGE_NAME "Lithe"
| #define PACKAGE_TARNAME "lithe"
| #define PACKAGE_VERSION "1.0"
| #define PACKAGE_STRING "Lithe 1.0"
| #define PACKAGE_BUGREPORT "klueska@cs.berkeley.edu"
| #define PACKAGE_URL ""
| #define PACKAGE "lithe"
| #define VERSION "1.0"
| /* end confdefs.h.  */
| #include <ac_nonexistent.h>
configure:7962: checking for ANSI C header files
configure:7982: gcc -c -g -O2  conftest.c >&5
configure:7982: $? = 0
configure:8055: gcc -o conftest -g -O2   conftest.c  >&5
configure:8055: $? = 0
configure:8055: ./conftest
configure:8055: $? = 0
configure:8066: result: yes
configure:8079: checking for sys/types.h
configure:8079: gcc -c -g -O2  conftest.c >&5
configure:8079: $? = 0
configure:8079: result: yes
configure:8079: checking for sys/stat.h
configure:8079: gcc -c -g -O2  conftest.c >&5
configure:8079: $? = 0
configure:8079: result: yes
configure:8079: checking for stdlib.h
configure:8079: gcc -c -g -O2  conftest.c >&5
configure:8079: $? = 0
configure:8079: result: yes
configure:8079: checking for string.h
configure:8079: gcc -c -g -O2  conftest.c >&5
configure:8079: $? = 0
configure:8079: result: yes
configure:8079: checking for memory.h
configure:8079: gcc -c -g -O2  conftest.c >&5
configure:8079: $? = 0
configure:8079: result: yes
configure:8079: checking for strings.h
configure:8079: gcc -c -g -O2  conftest.c >&5
configure:8079: $? = 0
configure:8079: result: yes
configure:8079: checking for inttypes.h
configure:8079: gcc -c -g -O2  conftest.c >&5
configure:8079: $? = 0
configure:8079: result: yes
configure:8079: checking for stdint.h
configure:8079: gcc -c -g -O2  conftest.c >&5
configure:8079: $? = 0
configure:8079: result: yes
configure:8079: checking for unistd.h
configure:8079: gcc -c -g -O2  conftest.c >&5
configure:8079: $? = 0
configure:8079: result: yes
configure:8093: checking for dlfcn.h
configure:8093: gcc -c -g -O2  conftest.c >&5
configure:8093: $? = 0
configure:8093: result: yes
configure:8360: checking for objdir
configure:8375: result: .libs
configure:8639: checking if gcc supports -fno-rtti -fno-exceptions
configure:8657: gcc -c -g -O2  -fno-rtti -fno-exceptions conftest.c >&5
cc1: warning: command-line option '-fno-rtti' is valid for C++/D/ObjC++ but not for C
configure:8661: $? = 0
configure:8674: result: no
configure:9032: checking for gcc option to produce PIC
configure:9039: result: -fPIC -DPIC
configure:9047: checking if gcc PIC flag -fPIC -DPIC works
configure:9065: gcc -c -g -O2  -fPIC -DPIC -DPIC conftest.c >&5
configure:9069: $? = 0
configure:9082: result: yes
configure:9111: checking if gcc static flag -static works
configure:9139: result: no
configure:9154: checking if gcc supports -c -o file.o
configure:9175: gcc -c -g -O2  -o out/conftest2.o conftest.c >&5
configure:9179: $? = 0
configure:9201: result: yes
configure:9209: checking if gcc supports -c -o file.o
configure:9256: result: yes
configure:9289: checking whether the gcc linker (/usr/bin/ld -m elf_x86_64) supports shared libraries
configure:10548: result: yes
configure:10585: checking whether -lc should be explicitly linked in
configure:10593: gcc -c -g -O2  conftest.c >&5
configure:10596: $? = 0
configure:10611: gcc -shared  -fPIC -DPIC conftest.o  -v -Wl,-soname -Wl,conftest -o conftest 2\>\&1 \| /usr/bin/grep  -lc  \>/dev/null 2\>\&1
configure:10614: $? = 0
configure:10628: result: no
configure:10788: checking dynamic linker characteristics
configure:11369: gcc -o conftest -g -O2   -Wl,-rpath -Wl,/foo conftest.c  >&5
configure:11369: $? = 0
configure:11609: result: GNU/Linux ld.so
configure:11731: checking how to hardcode library paths into programs
configure:11756: result: immediate
configure:12304: checking whether stripping libraries is possible
configure:12309: result: yes
configure:12344: checking if libtool supports shared libraries
configure:12346: result: yes
configure:12349: checking whether to build shared libraries
configure:12374: result: yes
configure:12377: checking whether to build static libraries
configure:12381: result: yes
configure:12404: checking how to run the C++ preprocessor
configure:12431: g++ -E  conftest.cpp
configure:12431: $? = 0
configure:12445: g++ -E  conftest.cpp
conftest.cpp:23:10: fatal error: ac_nonexistent.h: No such file or directory
   23 | #include <ac_nonexistent.h>
      |          ^~~~~~~~~~~~~~~~~~
compilation terminated.
configure:12445: $? = 1
configure: failed program was:
| /* confdefs.h */
| #define PACKAGE_NAME "Lithe"
| #define PACKAGE_TARNAME "lithe"
| #define PACKAGE_VERSION "1.0"
| #define PACKAGE_STRING "Lithe 1.0"
| #define PACKAGE_BUGREPORT "klueska@cs.berkeley.edu"
| #define PACKAGE_URL ""
| #define PACKAGE "lithe"
| #define VERSION "1.0"
| #define STDC_HEADERS 1
| #define HAVE_SYS_TYPES_H 1
| #define HAVE_SYS_STAT_H 1
| #define HAVE_STDLIB_H 1
| #define HAVE_STRING_H 1
| #define HAVE_MEMORY_H 1
| #define HAVE_STRINGS_H 1
| #define HAVE_INTTYPES_H 1
| #define HAVE_STDINT_H 1
| #define HAVE_UNISTD_H 1
| #define HAVE_DLFCN_H 1
| #define LT_OBJDIR ".libs/"
| /* end confdefs.h.  */
| #include <ac_nonexistent.h>
configure:12470: result: g++ -E
configure:12490: g++ -E  conftest.cpp
configure:12490: $? = 0
configure:12504: g++ -E  conftest.cpp
conftest.cpp:23:10: fatal error: ac_nonexistent.h: No such file or directory
   23 | #include <ac_nonexistent.h>
      |          ^~~~~~~~~~~~~~~~~~
compilation terminated.
configure:12504: $? = 1
configure: failed program was:
| /* confdefs.h */
| #define PACKAGE_NAME "Lithe"
| #define PACKAGE_TARNAME "lithe"
| #define PACKAGE_VERSION "1.0"
| #define PACKAGE_STRING "Lithe 1.0"
| #define PACKAGE_BUGREPORT "klueska@cs.berkeley.edu"
| #define PACKAGE_URL ""
| #define PACKAGE "lithe"
| #define VERSION "1.0"
| #define STDC_HEADERS 1
| #define HAVE_SYS_TYPES_H 1
| #define HAVE_SYS_STAT_H 1
| #define HAVE_STDLIB_H 1
| #define HAVE_STRING_H 1
| #define HAVE_MEMORY_H 1
| #define HAVE_STRINGS_H 1
| #define HAVE_INTTYPES_H 1
| #define HAVE_STDINT_H 1
| #define HAVE_UNISTD_H 1
| #define HAVE_DLFCN_H 1
| #define LT_OBJDIR ".libs/"
| /* end confdefs.h.  */
| #include <ac_nonexistent.h>
configure:12666: checking for ld used by g++
configure:12733: result: /usr/bin/ld -m elf_x86_64
configure:12740: checking if the linker (/usr/bin/ld -m elf_x86_64) is GNU ld
configure:12755: result: yes
configure:12810: checking whether the g++ linker (/usr/bin/ld -m elf_x86_64) supports shared libraries
configure:13883: result: yes
configure:13919: g++ -c -g -O2  conftest.cpp >&5
configure:13922: $? = 0
configure:14403: checking for g++ option to produce PIC
configure:14410: result: -fPIC -DPIC
configure:14418: checking if g++ PIC flag -fPIC -DPIC works
configure:14436: g++ -c -g -O2  -fPIC -DPIC -DPIC conftest.cpp >&5
configure:14440: $? = 0
configure:14453: result: yes
configure:14476: checking if g++ static flag -static works
configure:14504: result: no
configure:14516: checking if g++ supports -c -o file.o
configure:14537: g++ -c -g -O2  -o out/conftest2.o conftest.cpp >&5
configure:14541: $? = 0
configure:14563: result: yes
configure:14568: checking if g++ supports -c -o file.o
configure:14615: result: yes
configure:14645: checking whether the g++ linker (/usr/bin/ld -m elf_x86_64) supports shared libraries
configure:14685: result: yes
configure:14826: checking dynamic linker characteristics
configure:15574: result: GNU/Linux ld.so
configure:15639: checking how to hardcode library paths into programs
configure:15664: result: immediate
configure:15778: gcc -E  conftest.c
configure:15778: $? = 0
configure:15827: checking for uthread_init in -lparlib
configure:15852: gcc -o conftest -g -O2 -I/tmp/parlib-standard/include   -L/tmp/parlib-standard/lib -lpthread conftest.c -L/tmp/parlib-standard/lib -lparlib   -lpthread >&5
configure:15852: $? = 0
configure:15861: result: yes
configure:15988: checking that generated files are newer than configure
configure:15994: result: done
configure:16029: creating ./config.status

## ---------------------- ##
## Running config.status. ##
## ---------------------- ##

This file was extended by Lithe config.status 1.0, which was
generated by GNU Autoconf 2.69.  Invocation command line was

  CONFIG_FILES    = 
  CONFIG_HEADERS  = 
  CONFIG_LINKS    = 
  CONFIG_COMMANDS = 
  $ ./config.status 

on easley

config.status:1159: creating Makefile
config.status:1159: creating config.h
config.status:1340: config.h is unchanged
config.status:1388: executing depfiles commands
config.status:1465: cd .       && sed -e '/# am--include-marker/d' Makefile         | make -f - am--depfiles
make: Nothing to be done for 'am--depfiles'.
config.status:1470: $? = 0
config.status:1388: executing libtool commands

## ---------------- ##
## Cache variables. ##
## ---------------- ##

ac_cv_build=x86_64-pc-linux-gnu
ac_cv_c_compiler_gnu=yes
ac_cv_cxx_compiler_gnu=yes
ac_cv_env_CCC_set=
ac_cv_env_CCC_value=
ac_cv_env_CC_set=
ac_cv_env_CC_value=
ac_cv_env_CFLAGS_set=
ac_cv_env_CFLAGS_value=
ac_cv_env_CPPFLAGS_set=
ac_cv_env_CPPFLAGS_value=
ac_cv_env_CPP_set=
ac_cv_env_CPP_value=
ac_cv_env_CXXCPP_set=
ac_cv_env_CXXCPP_value=
ac_cv_env_CXXFLAGS_set=
ac_cv_env_CXXFLAGS_value=
ac_cv_env_CXX_set=
ac_cv_env_CXX_value=
ac_cv_env_LDFLAGS_set=
ac_cv_env_LDFLAGS_value=
ac_cv_env_LIBS_set=
ac_cv_env_LIBS_value=
ac_cv_env_LT_SYS_LIBRARY_PATH_set=
ac_cv_env_LT_SYS_LIBRARY_PATH_value=
ac_cv_env_build_alias_set=
ac_cv_env_build_alias_value=
ac_cv_env_host_alias_set=
ac_cv_env_host_alias_value=
ac_cv_env_target_alias_set=
ac_cv_env_target_alias_value=
ac_cv_header_dlfcn_h=yes
ac_cv_header_inttypes_h=yes
ac_cv_header_memory_h=yes
ac_cv_header_stdc=yes
ac_cv_header_stdint_h=yes
ac_cv_header_stdlib_h=yes
ac_cv_header_string_h=yes
ac_cv_header_strings_h=yes
ac_cv_header_sys_stat_h=yes
ac_cv_header_sys_types_h=yes
ac_cv_header_unistd_h=yes
ac_cv_host=x86_64-pc-linux-gnu
ac_cv_lib_parlib_uthread_init=yes
ac_cv_objext=o
ac_cv_path_EGREP='/usr/bin/grep -E'
ac_cv_path_FGREP='/usr/bin/grep -F'
ac_cv_path_GREP=/usr/bin/grep
ac_cv_path_SED=/usr/bin/sed
ac_cv_path_install='/usr/bin/install -c'
ac_cv_path_lt_DD=/usr/bin/dd
ac_cv_path_mkdir=/usr/bin/mkdir
ac_cv_prog_AWK=gawk
ac_cv_prog_CPP='gcc -E'
ac_cv_prog_CXXCPP='g++ -E'
ac_cv_prog_ac_ct_AR=ar
ac_cv_prog_ac_ct_CC=gcc
ac_cv_prog_ac_ct_CXX=g++
ac_cv_prog_ac_ct_OBJDUMP=objdump
ac_cv_prog_ac_ct_RANLIB=ranlib
ac_cv_prog_ac_ct_STRIP=strip
ac_cv_prog_cc_c89=
ac_cv_prog_cc_g=yes
ac_cv_prog_cxx_g=yes
ac_cv_prog_make_make_set=yes
am_cv_CC_dependencies_compiler_type=gcc3
am_cv_CXX_dependencies_compiler_type=gcc3
am_cv_make_support_nested_variables=yes
am_cv_prog_cc_c_o=yes
lt_cv_ar_at_file=@
lt_cv_archive_cmds_need_lc=no
lt_cv_deplibs_check_method=pass_all
lt_cv_file_magic_cmd='$MAGIC_CMD'
lt_cv_file_magic_test_file=
lt_cv_ld_reload_flag=-r
lt_cv_nm_interface='BSD nm'
lt_cv_objdir=.libs
lt_cv_path_LD=/usr/bin/ld
lt_cv_path_LDCXX='/usr/bin/ld -m elf_x86_64'
lt_cv_path_NM='/usr/bin/nm -B'
lt_cv_path_mainfest_tool=no
lt_cv_prog_compiler_c_o=yes
lt_cv_prog_compiler_c_o_CXX=yes
lt_cv_prog_compiler_pic='-fPIC -DPIC'
lt_cv_prog_compiler_pic_CXX='-fPIC -DPIC'
lt_cv_prog_compiler_pic_works=yes
lt_cv_prog_compiler_pic_works_CXX=yes
lt_cv_prog_compiler_rtti_exceptions=no
lt_cv_prog_compiler_static_works=no
lt_cv_prog_compiler_static_works_CXX=no
lt_cv_prog_gnu_ld=yes
lt_cv_prog_gnu_ldcxx=yes
lt_cv_sharedlib_from_linklib_cmd='printf %s\n'
lt_cv_shlibpath_overrides_runpath=no
lt_cv_sys_global_symbol_pipe='sed -n -e '\''s/^.*[	 ]\([ABCDGIRSTW][ABCDGIRSTW]*\)[	 ][	 ]*\([_A-Za-z][_A-Za-z0-9]*\)$/\1 \2 \2/p'\'' | sed '\''/ __gnu_lto/d'\'''
lt_cv_sys_global_symbol_to_c_name_address='sed -n -e '\''s/^: \(.*\) .*$/  {"\1", (void *) 0},/p'\'' -e '\''s/^[ABCDGIRSTW][ABCDGIRSTW]* .* \(.*\)$/  {"\1", (void *) \&\1},/p'\'''
lt_cv_sys_global_symbol_to_c_name_address_lib_prefix='sed -n -e '\''s/^: \(.*\) .*$/  {"\1", (void *) 0},/p'\'' -e '\''s/^[ABCDGIRSTW][ABCDGIRSTW]* .* \(lib.*\)$/  {"\1", (void *) \&\1},/p'\'' -e '\''s/^[ABCDGIRSTW][ABCDGIRSTW]* .* \(.*\)$/  {"lib\1", (void *) \&\1},/p'\'''
lt_cv_sys_global_symbol_to_cdecl='sed -n -e '\''s/^T .* \(.*\)$/extern int \1();/p'\'' -e '\''s/^[ABCDGIRSTW][ABCDGIRSTW]* .* \(.*\)$/extern char \1;/p'\'''
lt_cv_sys_global_symbol_to_import=
lt_cv_sys_max_cmd_len=4718592
lt_cv_to_host_file_cmd=func_convert_file_noop
lt_cv_to_tool_file_cmd=func_convert_file_noop
lt_cv_truncate_bin='/usr/bin/dd bs=4096 count=1'

## ----------------- ##
## Output variables. ##
## ----------------- ##

ACLOCAL='${SHELL} /users/npe/src/lithe-docker/lithe/build-aux/missing aclocal-1.16'
AMDEPBACKSLASH='\'
AMDEP_FALSE='#'
AMDEP_TRUE=''
AMTAR='$${TAR-tar}'
AM_BACKSLASH='\'
AM_CFLAGS='-std=gnu99                   -g -O2 -Wall               -Wno-unused-function       -Wno-unused-value          -Wno-missing-braces        -fno-exceptions            -fno-strict-aliasing     '
AM_CXXFLAGS='                  -g -O2 -Wall               -Wno-unused-function       -Wno-unused-value          -Wno-missing-braces        -fno-exceptions            -fno-strict-aliasing     '
AM_DEFAULT_V='$(AM_DEFAULT_VERBOSITY)'
AM_DEFAULT_VERBOSITY='1'
AM_V='$(V)'
AR='ar'
AUTOCONF='${SHELL} /users/npe/src/lithe-docker/lithe/build-aux/missing autoconf'
AUTOHEADER='${SHELL} /users/npe/src/lithe-docker/lithe/build-aux/missing autoheader'
AUTOMAKE='${SHELL} /users/npe/src/lithe-docker/lithe/build-aux/missing automake-1.16'
AWK='gawk'
CC='gcc'
CCDEPMODE='depmode=gcc3'
CFLAGS='-g -O2 -I/tmp/parlib-standard/include'
CPP='gcc -E'
CPPFLAGS=''
CXX='g++'
CXXCPP='g++ -E'
CXXDEPMODE='depmode=gcc3'
CXXFLAGS='-g -O2 -I/tmp/parlib-standard/include'
CYGPATH_W='echo'
DEFS='-DHAVE_CONFIG_H'
DEPDIR='.deps'
DLLTOOL='false'
DSYMUTIL=''
DUMPBIN=''
ECHO_C=''
ECHO_N='-n'
ECHO_T=''
EGREP='/usr/bin/grep -E'
EXEEXT=''
FGREP='/usr/bin/grep -F'
GREP='/usr/bin/grep'
INSTALL_DATA='${INSTALL} -m 644'
INSTALL_PROGRAM='${INSTALL}'
INSTALL_SCRIPT='${INSTALL}'
INSTALL_STRIP_PROGRAM='$(install_sh) -c -s'
LD='/usr/bin/ld -m elf_x86_64'
LDFLAGS=' -L/tmp/parlib-standard/lib'
LIBOBJS=''
LIBS=''
LIBTOOL='$(SHELL) $(top_builddir)/libtool'
LIPO=''
LN_S='ln -s'
LPARLIB='-lparlib'
LTLIBOBJS=''
LT_SYS_LIBRARY_PATH=''
MAKEINFO='${SHELL} /users/npe/src/lithe-docker/lithe/build-aux/missing makeinfo'
MANIFEST_TOOL=':'
MKDIR_P='/usr/bin/mkdir -p'
NM='/usr/bin/nm -B'
NMEDIT=''
OBJDUMP='objdump'
OBJEXT='o'
OTOOL64=''
OTOOL=''
PACKAGE='lithe'
PACKAGE_BUGREPORT='klueska@cs.berkeley.edu'
PACKAGE_NAME='Lithe'
PACKAGE_STRING='Lithe 1.0'
PACKAGE_TARNAME='lithe'
PACKAGE_URL=''
PACKAGE_VERSION='1.0'
PATH_SEPARATOR=':'
RANLIB='ranlib'
SED='/usr/bin/sed'
SET_MAKE=''
SHELL='/bin/sh'
SPHINX_BUILD_FALSE=''
SPHINX_BUILD_TRUE='#'
SRCDIR='src'
STATIC_ONLY_FALSE=''
STATIC_ONLY_TRUE='#'
STRIP='strip'
TESTSDIR='tests'
VERSION='1.0'
ac_ct_AR='ar'
ac_ct_CC='gcc'
ac_ct_CXX='g++'
ac_ct_DUMPBIN=''
am__EXEEXT_FALSE=''
am__EXEEXT_TRUE='#'
am__fastdepCC_FALSE='#'
am__fastdepCC_TRUE=''
am__fastdepCXX_FALSE='#'
am__fastdepCXX_TRUE=''
am__include='include'
am__isrc=''
am__leading_dot='.'
am__nodep='_no'
am__quote=''
am__tar='$${TAR-tar} chof - "$$tardir"'
am__untar='$${TAR-tar} xf -'
bindir='${exec_prefix}/bin'
build='x86_64-pc-linux-gnu'
build_alias=''
build_cpu='x86_64'
build_os='linux-gnu'
build_vendor='pc'
datadir='${datarootdir}'
datarootdir='${prefix}/share'
docdir='${datarootdir}/doc/${PACKAGE_TARNAME}'
dvidir='${docdir}'
exec_prefix='${prefix}'
host='x86_64-pc-linux-gnu'
host_alias=''
host_cpu='x86_64'
host_os='linux-gnu'
host_vendor='pc'
htmldir='${docdir}'
includedir='${prefix}/include'
infodir='${datarootdir}/info'
install_sh='${SHELL} /users/npe/src/lithe-docker/lithe/build-aux/install-sh'
libdir='${exec_prefix}/lib'
libexecdir='${exec_prefix}/libexec'
localedir='${datarootdir}/locale'
localstatedir='${prefix}/var'
mandir='${datarootdir}/man'
mkdir_p='$(MKDIR_P)'
oldincludedir='/usr/include'
pdfdir='${docdir}'
prefix='/tmp/lithe-install'
program_transform_name='s,x,x,'
psdir='${docdir}'
runstatedir='${localstatedir}/run'
sbindir='${exec_prefix}/sbin'
sharedstatedir='${prefix}/com'
sysconfdir='${prefix}/etc'
target_alias=''

## ----------- ##
## confdefs.h. ##
## ----------- ##

/* confdefs.h */
#define PACKAGE_NAME "Lithe"
#define PACKAGE_TARNAME "lithe"
#define PACKAGE_VERSION "1.0"
#define PACKAGE_STRING "Lithe 1.0"
#define PACKAGE_BUGREPORT "klueska@cs.berkeley.edu"
#define PACKAGE_URL ""
#define PACKAGE "lithe"
#define VERSION "1.0"
#define STDC_HEADERS 1
#define HAVE_SYS_TYPES_H 1
#define HAVE_SYS_STAT_H 1
#define HAVE_STDLIB_H 1
#define HAVE_STRING_H 1
#define HAVE_MEMORY_H 1
#define HAVE_STRINGS_H 1
#define HAVE_INTTYPES_H 1
#define HAVE_STDINT_H 1
#define HAVE_UNISTD_H 1
#define HAVE_DLFCN_H 1
#define LT_OBJDIR ".libs/"
#define HAVE_LIBPARLIB 1

configure: exit 0

## ---------------------- ##
## Running config.status. ##
## ---------------------- ##

This file was extended by Lithe config.status 1.0, which was
generated by GNU Autoconf 2.69.  Invocation command line was

  CONFIG_FILES    = 
  CONFIG_HEADERS  = 
  CONFIG_LINKS    = 
  CONFIG_COMMANDS = 
  $ ./config.status Makefile depfiles

on easley

config.status:1159: creating Makefile
config.status:1388: executing depfiles commands
config.status:1465: cd .       && sed -e '/# am--include-marker/d' Makefile         | make -f - am--depfiles
make[1]: Entering directory '/users/npe/src/lithe-docker/lithe'
make[1]: Nothing to be done for 'am--depfiles'.
make[1]: Leaving directory '/users/npe/src/lithe-docker/lithe'
config.status:1470: $? = 0
